DEBUG | 2019-01-16 17:13:22.661 | [main] cep.Main (Main.java:30) - Esper Test ......  !
DEBUG | 2019-01-16 17:13:22.666 | [main] processor.Engine (Engine.java:39) - CEP Engine Setup ...
DEBUG | 2019-01-16 17:13:23.604 | [main] processor.Engine (Engine.java:81) - Deleting previous registered Event Schema and Statements  ...
DEBUG | 2019-01-16 17:13:23.604 | [main] processor.Engine (Engine.java:84) - Reading EPL file ...
DEBUG | 2019-01-16 17:13:23.605 | [Thread-1] processor.Engine (Engine.java:53) - Successfully started Esper Runtime ...
DEBUG | 2019-01-16 17:13:25.441 | [main] processor.Engine (Engine.java:90) - Registering new Event Schema and Statements  ...
DEBUG | 2019-01-16 17:13:25.470 | [Thread-2] collector.Generator (Generator.java:31) - Publish events from Csv filename ...
INFO  | 2019-01-16 17:13:25.545 | [Thread-2] publisher.Subscriptor (Subscriptor.java:22) - Jogging
INFO  | 2019-01-16 17:13:25.551 | [Thread-2] publisher.Subscriptor (Subscriptor.java:22) - Jogging
INFO  | 2019-01-16 17:13:25.552 | [Thread-2] publisher.Subscriptor (Subscriptor.java:22) - Jogging
INFO  | 2019-01-16 17:13:25.556 | [Thread-2] publisher.Subscriptor (Subscriptor.java:22) - Jogging
INFO  | 2019-01-16 17:13:25.564 | [Thread-2] publisher.Subscriptor (Subscriptor.java:22) - Jogging
INFO  | 2019-01-16 17:13:25.565 | [Thread-2] publisher.Subscriptor (Subscriptor.java:22) - Jogging
INFO  | 2019-01-16 17:13:25.587 | [Thread-2] publisher.Subscriptor (Subscriptor.java:22) - Jogging
INFO  | 2019-01-16 17:13:25.590 | [Thread-2] publisher.Subscriptor (Subscriptor.java:22) - Jogging
INFO  | 2019-01-16 17:13:25.597 | [Thread-2] publisher.Subscriptor (Subscriptor.java:22) - Jogging
INFO  | 2019-01-16 17:13:25.604 | [Thread-2] publisher.Subscriptor (Subscriptor.java:22) - Jogging
INFO  | 2019-01-16 17:13:25.605 | [Thread-2] publisher.Subscriptor (Subscriptor.java:22) - Jogging
INFO  | 2019-01-16 17:13:25.606 | [Thread-2] publisher.Subscriptor (Subscriptor.java:22) - Jogging
INFO  | 2019-01-16 17:13:25.608 | [Thread-2] publisher.Subscriptor (Subscriptor.java:22) - Jogging
INFO  | 2019-01-16 17:13:25.618 | [Thread-2] publisher.Subscriptor (Subscriptor.java:22) - Jogging
INFO  | 2019-01-16 17:13:25.624 | [Thread-2] publisher.Subscriptor (Subscriptor.java:22) - Jogging
INFO  | 2019-01-16 17:13:25.625 | [Thread-2] publisher.Subscriptor (Subscriptor.java:22) - Jogging
INFO  | 2019-01-16 17:13:25.626 | [Thread-2] publisher.Subscriptor (Subscriptor.java:22) - Jogging
INFO  | 2019-01-16 17:13:25.628 | [Thread-2] publisher.Subscriptor (Subscriptor.java:22) - Jogging
INFO  | 2019-01-16 17:13:25.632 | [Thread-2] publisher.Subscriptor (Subscriptor.java:22) - Jogging
INFO  | 2019-01-16 17:13:25.642 | [Thread-2] publisher.Subscriptor (Subscriptor.java:22) - Jogging
INFO  | 2019-01-16 17:13:25.643 | [Thread-2] publisher.Subscriptor (Subscriptor.java:22) - Jogging
INFO  | 2019-01-16 17:13:25.646 | [Thread-2] publisher.Subscriptor (Subscriptor.java:22) - Jogging
INFO  | 2019-01-16 17:13:25.647 | [Thread-2] publisher.Subscriptor (Subscriptor.java:22) - Jogging
INFO  | 2019-01-16 17:13:25.674 | [Thread-2] publisher.Subscriptor (Subscriptor.java:22) - Jogging
INFO  | 2019-01-16 17:13:25.676 | [Thread-2] publisher.Subscriptor (Subscriptor.java:22) - Jogging
INFO  | 2019-01-16 17:13:25.679 | [Thread-2] publisher.Subscriptor (Subscriptor.java:22) - Jogging
INFO  | 2019-01-16 17:13:25.689 | [Thread-2] publisher.Subscriptor (Subscriptor.java:22) - Jogging
INFO  | 2019-01-16 17:13:25.696 | [Thread-2] publisher.Subscriptor (Subscriptor.java:22) - Jogging
INFO  | 2019-01-16 17:13:25.699 | [Thread-2] publisher.Subscriptor (Subscriptor.java:22) - Jogging
INFO  | 2019-01-16 17:13:25.706 | [Thread-2] publisher.Subscriptor (Subscriptor.java:22) - Jogging
INFO  | 2019-01-16 17:13:25.708 | [Thread-2] publisher.Subscriptor (Subscriptor.java:22) - Jogging
INFO  | 2019-01-16 17:13:25.709 | [Thread-2] publisher.Subscriptor (Subscriptor.java:22) - Jogging
INFO  | 2019-01-16 17:13:25.715 | [Thread-2] publisher.Subscriptor (Subscriptor.java:22) - Jogging
INFO  | 2019-01-16 17:13:25.718 | [Thread-2] publisher.Subscriptor (Subscriptor.java:22) - Jogging
INFO  | 2019-01-16 17:13:25.724 | [Thread-2] publisher.Subscriptor (Subscriptor.java:22) - Jogging
INFO  | 2019-01-16 17:13:25.728 | [Thread-2] publisher.Subscriptor (Subscriptor.java:22) - Jogging
INFO  | 2019-01-16 17:13:25.733 | [Thread-2] publisher.Subscriptor (Subscriptor.java:22) - Jogging
INFO  | 2019-01-16 17:13:25.738 | [Thread-2] publisher.Subscriptor (Subscriptor.java:22) - Jogging
INFO  | 2019-01-16 17:13:25.740 | [Thread-2] publisher.Subscriptor (Subscriptor.java:22) - Jogging
INFO  | 2019-01-16 17:13:25.749 | [Thread-2] publisher.Subscriptor (Subscriptor.java:22) - Jogging
INFO  | 2019-01-16 17:13:25.755 | [Thread-2] publisher.Subscriptor (Subscriptor.java:22) - Jogging
INFO  | 2019-01-16 17:13:25.766 | [Thread-2] publisher.Subscriptor (Subscriptor.java:22) - Jogging
INFO  | 2019-01-16 17:13:25.800 | [Thread-2] publisher.Subscriptor (Subscriptor.java:22) - Jogging
INFO  | 2019-01-16 17:13:25.803 | [Thread-2] publisher.Subscriptor (Subscriptor.java:22) - Jogging
INFO  | 2019-01-16 17:13:25.873 | [Thread-2] publisher.Subscriptor (Subscriptor.java:22) - Jogging
INFO  | 2019-01-16 17:13:25.904 | [Thread-2] publisher.Subscriptor (Subscriptor.java:22) - Jogging
INFO  | 2019-01-16 17:13:25.905 | [Thread-2] publisher.Subscriptor (Subscriptor.java:22) - Jogging
INFO  | 2019-01-16 17:13:25.912 | [Thread-2] publisher.Subscriptor (Subscriptor.java:22) - Jogging
INFO  | 2019-01-16 17:13:25.915 | [Thread-2] publisher.Subscriptor (Subscriptor.java:22) - Jogging
INFO  | 2019-01-16 17:13:25.916 | [Thread-2] publisher.Subscriptor (Subscriptor.java:22) - Jogging
INFO  | 2019-01-16 17:13:25.928 | [Thread-2] publisher.Subscriptor (Subscriptor.java:22) - Jogging
INFO  | 2019-01-16 17:13:25.931 | [Thread-2] publisher.Subscriptor (Subscriptor.java:22) - Jogging
INFO  | 2019-01-16 17:13:25.934 | [Thread-2] publisher.Subscriptor (Subscriptor.java:22) - Jogging
INFO  | 2019-01-16 17:13:25.935 | [Thread-2] publisher.Subscriptor (Subscriptor.java:22) - Jogging
INFO  | 2019-01-16 17:13:25.935 | [Thread-2] publisher.Subscriptor (Subscriptor.java:22) - Jogging
INFO  | 2019-01-16 17:13:25.936 | [Thread-2] publisher.Subscriptor (Subscriptor.java:22) - Jogging
INFO  | 2019-01-16 17:13:25.949 | [Thread-2] publisher.Subscriptor (Subscriptor.java:22) - Jogging
INFO  | 2019-01-16 17:13:25.950 | [Thread-2] publisher.Subscriptor (Subscriptor.java:22) - Jogging
INFO  | 2019-01-16 17:13:25.956 | [Thread-2] publisher.Subscriptor (Subscriptor.java:22) - Jogging
INFO  | 2019-01-16 17:13:25.957 | [Thread-2] publisher.Subscriptor (Subscriptor.java:22) - Jogging
INFO  | 2019-01-16 17:13:25.958 | [Thread-2] publisher.Subscriptor (Subscriptor.java:22) - Jogging
INFO  | 2019-01-16 17:13:25.958 | [Thread-2] publisher.Subscriptor (Subscriptor.java:22) - Jogging
INFO  | 2019-01-16 17:13:25.959 | [Thread-2] publisher.Subscriptor (Subscriptor.java:22) - Jogging
INFO  | 2019-01-16 17:13:25.960 | [Thread-2] publisher.Subscriptor (Subscriptor.java:22) - Jogging
INFO  | 2019-01-16 17:13:25.961 | [Thread-2] publisher.Subscriptor (Subscriptor.java:22) - Jogging
INFO  | 2019-01-16 17:13:25.962 | [Thread-2] publisher.Subscriptor (Subscriptor.java:22) - Jogging
INFO  | 2019-01-16 17:13:25.963 | [Thread-2] publisher.Subscriptor (Subscriptor.java:22) - Jogging
INFO  | 2019-01-16 17:13:25.964 | [Thread-2] publisher.Subscriptor (Subscriptor.java:22) - Jogging
INFO  | 2019-01-16 17:13:25.966 | [Thread-2] publisher.Subscriptor (Subscriptor.java:22) - Jogging
INFO  | 2019-01-16 17:13:25.969 | [Thread-2] publisher.Subscriptor (Subscriptor.java:22) - Jogging
INFO  | 2019-01-16 17:13:25.974 | [Thread-2] publisher.Subscriptor (Subscriptor.java:22) - Jogging
INFO  | 2019-01-16 17:13:25.976 | [Thread-2] publisher.Subscriptor (Subscriptor.java:22) - Jogging
INFO  | 2019-01-16 17:13:25.976 | [Thread-2] publisher.Subscriptor (Subscriptor.java:22) - Jogging
INFO  | 2019-01-16 17:13:25.977 | [Thread-2] publisher.Subscriptor (Subscriptor.java:22) - Jogging
INFO  | 2019-01-16 17:13:25.977 | [Thread-2] publisher.Subscriptor (Subscriptor.java:22) - Jogging
INFO  | 2019-01-16 17:13:25.979 | [Thread-2] publisher.Subscriptor (Subscriptor.java:22) - Jogging
INFO  | 2019-01-16 17:13:25.980 | [Thread-2] publisher.Subscriptor (Subscriptor.java:22) - Jogging
INFO  | 2019-01-16 17:13:25.981 | [Thread-2] publisher.Subscriptor (Subscriptor.java:22) - Jogging
INFO  | 2019-01-16 17:13:25.981 | [Thread-2] publisher.Subscriptor (Subscriptor.java:22) - Jogging
INFO  | 2019-01-16 17:13:25.992 | [Thread-2] publisher.Subscriptor (Subscriptor.java:22) - Jogging
INFO  | 2019-01-16 17:13:25.992 | [Thread-2] publisher.Subscriptor (Subscriptor.java:22) - Jogging
INFO  | 2019-01-16 17:13:25.999 | [Thread-2] publisher.Subscriptor (Subscriptor.java:22) - Jogging
INFO  | 2019-01-16 17:13:26.001 | [Thread-2] publisher.Subscriptor (Subscriptor.java:22) - Jogging
INFO  | 2019-01-16 17:13:26.002 | [Thread-2] publisher.Subscriptor (Subscriptor.java:22) - Jogging
INFO  | 2019-01-16 17:13:26.004 | [Thread-2] publisher.Subscriptor (Subscriptor.java:22) - Jogging
INFO  | 2019-01-16 17:13:26.004 | [Thread-2] publisher.Subscriptor (Subscriptor.java:22) - Jogging
INFO  | 2019-01-16 17:13:26.004 | [Thread-2] publisher.Subscriptor (Subscriptor.java:22) - Jogging
INFO  | 2019-01-16 17:13:26.006 | [Thread-2] publisher.Subscriptor (Subscriptor.java:22) - Jogging
INFO  | 2019-01-16 17:13:26.008 | [Thread-2] publisher.Subscriptor (Subscriptor.java:22) - Jogging
INFO  | 2019-01-16 17:13:26.009 | [Thread-2] publisher.Subscriptor (Subscriptor.java:22) - Jogging
INFO  | 2019-01-16 17:13:26.011 | [Thread-2] publisher.Subscriptor (Subscriptor.java:22) - Jogging
INFO  | 2019-01-16 17:13:26.012 | [Thread-2] publisher.Subscriptor (Subscriptor.java:22) - Jogging
INFO  | 2019-01-16 17:13:26.013 | [Thread-2] publisher.Subscriptor (Subscriptor.java:22) - Jogging
INFO  | 2019-01-16 17:13:26.017 | [Thread-2] publisher.Subscriptor (Subscriptor.java:22) - Jogging
INFO  | 2019-01-16 17:13:26.018 | [Thread-2] publisher.Subscriptor (Subscriptor.java:22) - Jogging
INFO  | 2019-01-16 17:13:26.022 | [Thread-2] publisher.Subscriptor (Subscriptor.java:22) - Jogging
INFO  | 2019-01-16 17:13:26.047 | [Thread-2] publisher.Subscriptor (Subscriptor.java:22) - Jogging
INFO  | 2019-01-16 17:13:26.054 | [Thread-2] publisher.Subscriptor (Subscriptor.java:22) - Jogging
INFO  | 2019-01-16 17:13:26.072 | [Thread-2] publisher.Subscriptor (Subscriptor.java:22) - Jogging
INFO  | 2019-01-16 17:13:26.079 | [Thread-2] publisher.Subscriptor (Subscriptor.java:22) - Jogging
INFO  | 2019-01-16 17:13:26.095 | [Thread-2] publisher.Subscriptor (Subscriptor.java:22) - Jogging
INFO  | 2019-01-16 17:13:26.120 | [Thread-2] publisher.Subscriptor (Subscriptor.java:22) - Jogging
INFO  | 2019-01-16 17:13:26.169 | [Thread-2] publisher.Subscriptor (Subscriptor.java:22) - Jogging
INFO  | 2019-01-16 17:13:26.184 | [Thread-2] publisher.Subscriptor (Subscriptor.java:22) - Jogging
INFO  | 2019-01-16 17:13:26.193 | [Thread-2] publisher.Subscriptor (Subscriptor.java:22) - Jogging
INFO  | 2019-01-16 17:13:26.194 | [Thread-2] publisher.Subscriptor (Subscriptor.java:22) - Jogging
INFO  | 2019-01-16 17:13:26.198 | [Thread-2] publisher.Subscriptor (Subscriptor.java:22) - Jogging
INFO  | 2019-01-16 17:13:26.207 | [Thread-2] publisher.Subscriptor (Subscriptor.java:22) - Jogging
INFO  | 2019-01-16 17:13:26.224 | [Thread-2] publisher.Subscriptor (Subscriptor.java:22) - Jogging
INFO  | 2019-01-16 17:13:26.234 | [Thread-2] publisher.Subscriptor (Subscriptor.java:22) - Jogging
INFO  | 2019-01-16 17:13:26.246 | [Thread-2] publisher.Subscriptor (Subscriptor.java:22) - Jogging
INFO  | 2019-01-16 17:13:26.254 | [Thread-2] publisher.Subscriptor (Subscriptor.java:22) - Jogging
INFO  | 2019-01-16 17:13:26.260 | [Thread-2] publisher.Subscriptor (Subscriptor.java:22) - Jogging
INFO  | 2019-01-16 17:13:26.270 | [Thread-2] publisher.Subscriptor (Subscriptor.java:22) - Jogging
INFO  | 2019-01-16 17:13:26.271 | [Thread-2] publisher.Subscriptor (Subscriptor.java:22) - Jogging
INFO  | 2019-01-16 17:13:26.271 | [Thread-2] publisher.Subscriptor (Subscriptor.java:22) - Jogging
INFO  | 2019-01-16 17:13:26.275 | [Thread-2] publisher.Subscriptor (Subscriptor.java:22) - Jogging
INFO  | 2019-01-16 17:13:26.295 | [Thread-2] publisher.Subscriptor (Subscriptor.java:22) - Jogging
INFO  | 2019-01-16 17:13:26.297 | [Thread-2] publisher.Subscriptor (Subscriptor.java:22) - Jogging
INFO  | 2019-01-16 17:13:26.299 | [Thread-2] publisher.Subscriptor (Subscriptor.java:22) - Jogging
INFO  | 2019-01-16 17:13:26.299 | [Thread-2] publisher.Subscriptor (Subscriptor.java:22) - Jogging
INFO  | 2019-01-16 17:13:26.306 | [Thread-2] publisher.Subscriptor (Subscriptor.java:22) - Jogging
INFO  | 2019-01-16 17:13:26.308 | [Thread-2] publisher.Subscriptor (Subscriptor.java:22) - Jogging
INFO  | 2019-01-16 17:13:26.309 | [Thread-2] publisher.Subscriptor (Subscriptor.java:22) - Jogging
INFO  | 2019-01-16 17:13:26.310 | [Thread-2] publisher.Subscriptor (Subscriptor.java:22) - Jogging
INFO  | 2019-01-16 17:13:26.310 | [Thread-2] publisher.Subscriptor (Subscriptor.java:22) - Jogging
INFO  | 2019-01-16 17:13:26.358 | [Thread-2] publisher.Subscriptor (Subscriptor.java:22) - Jogging
INFO  | 2019-01-16 17:13:26.374 | [Thread-2] publisher.Subscriptor (Subscriptor.java:22) - Jogging
INFO  | 2019-01-16 17:13:26.381 | [Thread-2] publisher.Subscriptor (Subscriptor.java:22) - Jogging
INFO  | 2019-01-16 17:13:26.430 | [Thread-2] publisher.Subscriptor (Subscriptor.java:22) - Jogging
INFO  | 2019-01-16 17:13:26.448 | [Thread-2] publisher.Subscriptor (Subscriptor.java:22) - Jogging
INFO  | 2019-01-16 17:13:26.488 | [Thread-2] publisher.Subscriptor (Subscriptor.java:22) - Jogging
INFO  | 2019-01-16 17:13:26.488 | [Thread-2] publisher.Subscriptor (Subscriptor.java:22) - Jogging
INFO  | 2019-01-16 17:13:26.489 | [Thread-2] publisher.Subscriptor (Subscriptor.java:22) - Jogging
INFO  | 2019-01-16 17:13:26.490 | [Thread-2] publisher.Subscriptor (Subscriptor.java:22) - Jogging
INFO  | 2019-01-16 17:13:26.491 | [Thread-2] publisher.Subscriptor (Subscriptor.java:22) - Jogging
INFO  | 2019-01-16 17:13:26.525 | [Thread-2] publisher.Subscriptor (Subscriptor.java:22) - Jogging
INFO  | 2019-01-16 17:13:26.526 | [Thread-2] publisher.Subscriptor (Subscriptor.java:22) - Jogging
INFO  | 2019-01-16 17:13:26.528 | [Thread-2] publisher.Subscriptor (Subscriptor.java:22) - Jogging
INFO  | 2019-01-16 17:13:26.552 | [Thread-2] publisher.Subscriptor (Subscriptor.java:22) - Jogging
INFO  | 2019-01-16 17:13:26.554 | [Thread-2] publisher.Subscriptor (Subscriptor.java:22) - Jogging
INFO  | 2019-01-16 17:13:26.555 | [Thread-2] publisher.Subscriptor (Subscriptor.java:22) - Jogging
INFO  | 2019-01-16 17:13:26.556 | [Thread-2] publisher.Subscriptor (Subscriptor.java:22) - Jogging
INFO  | 2019-01-16 17:13:26.563 | [Thread-2] publisher.Subscriptor (Subscriptor.java:22) - Jogging
INFO  | 2019-01-16 17:13:26.565 | [Thread-2] publisher.Subscriptor (Subscriptor.java:22) - Jogging
INFO  | 2019-01-16 17:13:26.587 | [Thread-2] publisher.Subscriptor (Subscriptor.java:22) - Jogging
INFO  | 2019-01-16 17:13:26.589 | [Thread-2] publisher.Subscriptor (Subscriptor.java:22) - Jogging
INFO  | 2019-01-16 17:13:26.591 | [Thread-2] publisher.Subscriptor (Subscriptor.java:22) - Jogging
INFO  | 2019-01-16 17:13:26.604 | [Thread-2] publisher.Subscriptor (Subscriptor.java:22) - Jogging
INFO  | 2019-01-16 17:13:26.611 | [Thread-2] publisher.Subscriptor (Subscriptor.java:22) - Jogging
INFO  | 2019-01-16 17:13:26.612 | [Thread-2] publisher.Subscriptor (Subscriptor.java:22) - Jogging
INFO  | 2019-01-16 17:13:26.617 | [Thread-2] publisher.Subscriptor (Subscriptor.java:22) - Jogging
INFO  | 2019-01-16 17:13:26.620 | [Thread-2] publisher.Subscriptor (Subscriptor.java:22) - Jogging
INFO  | 2019-01-16 17:13:26.625 | [Thread-2] publisher.Subscriptor (Subscriptor.java:22) - Jogging
INFO  | 2019-01-16 17:13:26.627 | [Thread-2] publisher.Subscriptor (Subscriptor.java:22) - Jogging
INFO  | 2019-01-16 17:13:26.630 | [Thread-2] publisher.Subscriptor (Subscriptor.java:22) - Jogging
INFO  | 2019-01-16 17:13:26.631 | [Thread-2] publisher.Subscriptor (Subscriptor.java:22) - Jogging
INFO  | 2019-01-16 17:13:26.633 | [Thread-2] publisher.Subscriptor (Subscriptor.java:22) - Jogging
INFO  | 2019-01-16 17:13:26.634 | [Thread-2] publisher.Subscriptor (Subscriptor.java:22) - Jogging
INFO  | 2019-01-16 17:13:26.635 | [Thread-2] publisher.Subscriptor (Subscriptor.java:22) - Jogging
INFO  | 2019-01-16 17:13:26.647 | [Thread-2] publisher.Subscriptor (Subscriptor.java:22) - Jogging
INFO  | 2019-01-16 17:13:26.648 | [Thread-2] publisher.Subscriptor (Subscriptor.java:22) - Jogging
INFO  | 2019-01-16 17:13:26.650 | [Thread-2] publisher.Subscriptor (Subscriptor.java:22) - Jogging
INFO  | 2019-01-16 17:13:26.651 | [Thread-2] publisher.Subscriptor (Subscriptor.java:22) - Jogging
INFO  | 2019-01-16 17:13:26.652 | [Thread-2] publisher.Subscriptor (Subscriptor.java:22) - Jogging
INFO  | 2019-01-16 17:13:26.654 | [Thread-2] publisher.Subscriptor (Subscriptor.java:22) - Jogging
INFO  | 2019-01-16 17:13:26.654 | [Thread-2] publisher.Subscriptor (Subscriptor.java:22) - Jogging
INFO  | 2019-01-16 17:13:26.659 | [Thread-2] publisher.Subscriptor (Subscriptor.java:22) - Jogging
INFO  | 2019-01-16 17:13:26.661 | [Thread-2] publisher.Subscriptor (Subscriptor.java:22) - Jogging
INFO  | 2019-01-16 17:13:26.662 | [Thread-2] publisher.Subscriptor (Subscriptor.java:22) - Jogging
INFO  | 2019-01-16 17:13:26.670 | [Thread-2] publisher.Subscriptor (Subscriptor.java:22) - Jogging
INFO  | 2019-01-16 17:13:26.689 | [Thread-2] publisher.Subscriptor (Subscriptor.java:22) - Jogging
INFO  | 2019-01-16 17:13:26.691 | [Thread-2] publisher.Subscriptor (Subscriptor.java:22) - Jogging
INFO  | 2019-01-16 17:13:26.691 | [Thread-2] publisher.Subscriptor (Subscriptor.java:22) - Jogging
INFO  | 2019-01-16 17:13:26.715 | [Thread-2] publisher.Subscriptor (Subscriptor.java:22) - Jogging
INFO  | 2019-01-16 17:13:26.717 | [Thread-2] publisher.Subscriptor (Subscriptor.java:22) - Jogging
INFO  | 2019-01-16 17:13:26.718 | [Thread-2] publisher.Subscriptor (Subscriptor.java:22) - Jogging
INFO  | 2019-01-16 17:13:26.751 | [Thread-2] publisher.Subscriptor (Subscriptor.java:22) - Jogging
INFO  | 2019-01-16 17:13:26.765 | [Thread-2] publisher.Subscriptor (Subscriptor.java:22) - Jogging
INFO  | 2019-01-16 17:13:26.790 | [Thread-2] publisher.Subscriptor (Subscriptor.java:22) - Jogging
INFO  | 2019-01-16 17:13:26.792 | [Thread-2] publisher.Subscriptor (Subscriptor.java:22) - Jogging
INFO  | 2019-01-16 17:13:26.794 | [Thread-2] publisher.Subscriptor (Subscriptor.java:22) - Jogging
INFO  | 2019-01-16 17:13:26.806 | [Thread-2] publisher.Subscriptor (Subscriptor.java:22) - Jogging
INFO  | 2019-01-16 17:13:26.807 | [Thread-2] publisher.Subscriptor (Subscriptor.java:22) - Jogging
INFO  | 2019-01-16 17:13:26.817 | [Thread-2] publisher.Subscriptor (Subscriptor.java:22) - Jogging
INFO  | 2019-01-16 17:13:26.828 | [Thread-2] publisher.Subscriptor (Subscriptor.java:22) - Jogging
INFO  | 2019-01-16 17:13:26.829 | [Thread-2] publisher.Subscriptor (Subscriptor.java:22) - Jogging
INFO  | 2019-01-16 17:13:26.829 | [Thread-2] publisher.Subscriptor (Subscriptor.java:22) - Jogging
INFO  | 2019-01-16 17:13:26.838 | [Thread-2] publisher.Subscriptor (Subscriptor.java:22) - Jogging
INFO  | 2019-01-16 17:13:26.839 | [Thread-2] publisher.Subscriptor (Subscriptor.java:22) - Jogging
INFO  | 2019-01-16 17:13:26.840 | [Thread-2] publisher.Subscriptor (Subscriptor.java:22) - Jogging
INFO  | 2019-01-16 17:13:26.843 | [Thread-2] publisher.Subscriptor (Subscriptor.java:22) - Jogging
INFO  | 2019-01-16 17:13:26.845 | [Thread-2] publisher.Subscriptor (Subscriptor.java:22) - Jogging
INFO  | 2019-01-16 17:13:26.846 | [Thread-2] publisher.Subscriptor (Subscriptor.java:22) - Jogging
INFO  | 2019-01-16 17:13:26.847 | [Thread-2] publisher.Subscriptor (Subscriptor.java:22) - Jogging
INFO  | 2019-01-16 17:13:26.847 | [Thread-2] publisher.Subscriptor (Subscriptor.java:22) - Jogging
INFO  | 2019-01-16 17:13:26.852 | [Thread-2] publisher.Subscriptor (Subscriptor.java:22) - Jogging
INFO  | 2019-01-16 17:13:26.855 | [Thread-2] publisher.Subscriptor (Subscriptor.java:22) - Jogging
INFO  | 2019-01-16 17:13:26.859 | [Thread-2] publisher.Subscriptor (Subscriptor.java:22) - Jogging
INFO  | 2019-01-16 17:13:26.864 | [Thread-2] publisher.Subscriptor (Subscriptor.java:22) - Jogging
INFO  | 2019-01-16 17:13:26.865 | [Thread-2] publisher.Subscriptor (Subscriptor.java:22) - Jogging
INFO  | 2019-01-16 17:13:26.868 | [Thread-2] publisher.Subscriptor (Subscriptor.java:22) - Jogging
INFO  | 2019-01-16 17:13:26.869 | [Thread-2] publisher.Subscriptor (Subscriptor.java:22) - Jogging
INFO  | 2019-01-16 17:13:26.871 | [Thread-2] publisher.Subscriptor (Subscriptor.java:22) - Jogging
INFO  | 2019-01-16 17:13:26.873 | [Thread-2] publisher.Subscriptor (Subscriptor.java:22) - Jogging
INFO  | 2019-01-16 17:13:26.877 | [Thread-2] publisher.Subscriptor (Subscriptor.java:22) - Jogging
INFO  | 2019-01-16 17:13:26.881 | [Thread-2] publisher.Subscriptor (Subscriptor.java:22) - Jogging
INFO  | 2019-01-16 17:13:26.889 | [Thread-2] publisher.Subscriptor (Subscriptor.java:22) - Jogging
INFO  | 2019-01-16 17:13:26.890 | [Thread-2] publisher.Subscriptor (Subscriptor.java:22) - Jogging
INFO  | 2019-01-16 17:13:26.891 | [Thread-2] publisher.Subscriptor (Subscriptor.java:22) - Jogging
INFO  | 2019-01-16 17:13:26.895 | [Thread-2] publisher.Subscriptor (Subscriptor.java:22) - Jogging
INFO  | 2019-01-16 17:13:26.895 | [Thread-2] publisher.Subscriptor (Subscriptor.java:22) - Jogging
INFO  | 2019-01-16 17:13:26.899 | [Thread-2] publisher.Subscriptor (Subscriptor.java:22) - Jogging
INFO  | 2019-01-16 17:13:26.906 | [Thread-2] publisher.Subscriptor (Subscriptor.java:22) - Jogging
INFO  | 2019-01-16 17:13:26.913 | [Thread-2] publisher.Subscriptor (Subscriptor.java:22) - Jogging
INFO  | 2019-01-16 17:13:26.914 | [Thread-2] publisher.Subscriptor (Subscriptor.java:22) - Jogging
INFO  | 2019-01-16 17:13:26.916 | [Thread-2] publisher.Subscriptor (Subscriptor.java:22) - Jogging
INFO  | 2019-01-16 17:13:26.925 | [Thread-2] publisher.Subscriptor (Subscriptor.java:22) - Jogging
INFO  | 2019-01-16 17:13:26.927 | [Thread-2] publisher.Subscriptor (Subscriptor.java:22) - Jogging
INFO  | 2019-01-16 17:13:26.928 | [Thread-2] publisher.Subscriptor (Subscriptor.java:22) - Jogging
INFO  | 2019-01-16 17:13:26.929 | [Thread-2] publisher.Subscriptor (Subscriptor.java:22) - Jogging
INFO  | 2019-01-16 17:13:26.932 | [Thread-2] publisher.Subscriptor (Subscriptor.java:22) - Jogging
INFO  | 2019-01-16 17:13:26.935 | [Thread-2] publisher.Subscriptor (Subscriptor.java:22) - Jogging
INFO  | 2019-01-16 17:13:26.936 | [Thread-2] publisher.Subscriptor (Subscriptor.java:22) - Jogging
INFO  | 2019-01-16 17:13:26.938 | [Thread-2] publisher.Subscriptor (Subscriptor.java:22) - Jogging
INFO  | 2019-01-16 17:13:26.939 | [Thread-2] publisher.Subscriptor (Subscriptor.java:22) - Jogging
INFO  | 2019-01-16 17:13:26.956 | [Thread-2] publisher.Subscriptor (Subscriptor.java:22) - Jogging
INFO  | 2019-01-16 17:13:26.958 | [Thread-2] publisher.Subscriptor (Subscriptor.java:22) - Jogging
INFO  | 2019-01-16 17:13:26.963 | [Thread-2] publisher.Subscriptor (Subscriptor.java:22) - Jogging
INFO  | 2019-01-16 17:13:26.967 | [Thread-2] publisher.Subscriptor (Subscriptor.java:22) - Jogging
INFO  | 2019-01-16 17:13:26.970 | [Thread-2] publisher.Subscriptor (Subscriptor.java:22) - Jogging
INFO  | 2019-01-16 17:13:26.979 | [Thread-2] publisher.Subscriptor (Subscriptor.java:22) - Jogging
INFO  | 2019-01-16 17:13:26.982 | [Thread-2] publisher.Subscriptor (Subscriptor.java:22) - Jogging
INFO  | 2019-01-16 17:13:26.983 | [Thread-2] publisher.Subscriptor (Subscriptor.java:22) - Jogging
INFO  | 2019-01-16 17:13:26.984 | [Thread-2] publisher.Subscriptor (Subscriptor.java:22) - Jogging
INFO  | 2019-01-16 17:13:27.001 | [Thread-2] publisher.Subscriptor (Subscriptor.java:22) - Jogging
INFO  | 2019-01-16 17:13:27.014 | [Thread-2] publisher.Subscriptor (Subscriptor.java:22) - Jogging
INFO  | 2019-01-16 17:13:27.064 | [Thread-2] publisher.Subscriptor (Subscriptor.java:22) - Jogging
INFO  | 2019-01-16 17:13:27.068 | [Thread-2] publisher.Subscriptor (Subscriptor.java:22) - Jogging
INFO  | 2019-01-16 17:13:27.073 | [Thread-2] publisher.Subscriptor (Subscriptor.java:22) - Jogging
INFO  | 2019-01-16 17:13:27.074 | [Thread-2] publisher.Subscriptor (Subscriptor.java:22) - Jogging
INFO  | 2019-01-16 17:13:27.077 | [Thread-2] publisher.Subscriptor (Subscriptor.java:22) - Jogging
INFO  | 2019-01-16 17:13:27.225 | [Thread-2] publisher.Subscriptor (Subscriptor.java:22) - Jogging
INFO  | 2019-01-16 17:13:27.226 | [Thread-2] publisher.Subscriptor (Subscriptor.java:22) - Jogging
INFO  | 2019-01-16 17:13:27.234 | [Thread-2] publisher.Subscriptor (Subscriptor.java:22) - Jogging
INFO  | 2019-01-16 17:13:27.235 | [Thread-2] publisher.Subscriptor (Subscriptor.java:22) - Jogging
INFO  | 2019-01-16 17:13:27.237 | [Thread-2] publisher.Subscriptor (Subscriptor.java:22) - Jogging
INFO  | 2019-01-16 17:13:27.256 | [Thread-2] publisher.Subscriptor (Subscriptor.java:22) - Jogging
INFO  | 2019-01-16 17:13:27.264 | [Thread-2] publisher.Subscriptor (Subscriptor.java:22) - Jogging
INFO  | 2019-01-16 17:13:27.265 | [Thread-2] publisher.Subscriptor (Subscriptor.java:22) - Jogging
INFO  | 2019-01-16 17:13:27.265 | [Thread-2] publisher.Subscriptor (Subscriptor.java:22) - Jogging
INFO  | 2019-01-16 17:13:27.266 | [Thread-2] publisher.Subscriptor (Subscriptor.java:22) - Jogging
INFO  | 2019-01-16 17:13:27.269 | [Thread-2] publisher.Subscriptor (Subscriptor.java:22) - Jogging
INFO  | 2019-01-16 17:13:27.272 | [Thread-2] publisher.Subscriptor (Subscriptor.java:22) - Jogging
INFO  | 2019-01-16 17:13:27.273 | [Thread-2] publisher.Subscriptor (Subscriptor.java:22) - Jogging
INFO  | 2019-01-16 17:13:27.274 | [Thread-2] publisher.Subscriptor (Subscriptor.java:22) - Jogging
INFO  | 2019-01-16 17:13:27.274 | [Thread-2] publisher.Subscriptor (Subscriptor.java:22) - Jogging
INFO  | 2019-01-16 17:13:27.275 | [Thread-2] publisher.Subscriptor (Subscriptor.java:22) - Jogging
INFO  | 2019-01-16 17:13:27.286 | [Thread-2] publisher.Subscriptor (Subscriptor.java:22) - Jogging
INFO  | 2019-01-16 17:13:27.287 | [Thread-2] publisher.Subscriptor (Subscriptor.java:22) - Jogging
INFO  | 2019-01-16 17:13:27.288 | [Thread-2] publisher.Subscriptor (Subscriptor.java:22) - Jogging
INFO  | 2019-01-16 17:13:27.289 | [Thread-2] publisher.Subscriptor (Subscriptor.java:22) - Jogging
INFO  | 2019-01-16 17:13:27.290 | [Thread-2] publisher.Subscriptor (Subscriptor.java:22) - Jogging
INFO  | 2019-01-16 17:13:27.291 | [Thread-2] publisher.Subscriptor (Subscriptor.java:22) - Jogging
INFO  | 2019-01-16 17:13:27.291 | [Thread-2] publisher.Subscriptor (Subscriptor.java:22) - Jogging
INFO  | 2019-01-16 17:13:27.292 | [Thread-2] publisher.Subscriptor (Subscriptor.java:22) - Jogging
INFO  | 2019-01-16 17:13:27.292 | [Thread-2] publisher.Subscriptor (Subscriptor.java:22) - Jogging
INFO  | 2019-01-16 17:13:27.293 | [Thread-2] publisher.Subscriptor (Subscriptor.java:22) - Jogging
INFO  | 2019-01-16 17:13:27.293 | [Thread-2] publisher.Subscriptor (Subscriptor.java:22) - Jogging
INFO  | 2019-01-16 17:13:27.294 | [Thread-2] publisher.Subscriptor (Subscriptor.java:22) - Jogging
INFO  | 2019-01-16 17:13:27.295 | [Thread-2] publisher.Subscriptor (Subscriptor.java:22) - Jogging
INFO  | 2019-01-16 17:13:27.296 | [Thread-2] publisher.Subscriptor (Subscriptor.java:22) - Jogging
INFO  | 2019-01-16 17:13:27.297 | [Thread-2] publisher.Subscriptor (Subscriptor.java:22) - Jogging
INFO  | 2019-01-16 17:13:27.298 | [Thread-2] publisher.Subscriptor (Subscriptor.java:22) - Jogging
INFO  | 2019-01-16 17:13:27.299 | [Thread-2] publisher.Subscriptor (Subscriptor.java:22) - Jogging
INFO  | 2019-01-16 17:13:27.300 | [Thread-2] publisher.Subscriptor (Subscriptor.java:22) - Jogging
INFO  | 2019-01-16 17:13:27.301 | [Thread-2] publisher.Subscriptor (Subscriptor.java:22) - Jogging
INFO  | 2019-01-16 17:13:27.301 | [Thread-2] publisher.Subscriptor (Subscriptor.java:22) - Jogging
INFO  | 2019-01-16 17:13:27.304 | [Thread-2] publisher.Subscriptor (Subscriptor.java:22) - Jogging
INFO  | 2019-01-16 17:13:27.305 | [Thread-2] publisher.Subscriptor (Subscriptor.java:22) - Jogging
INFO  | 2019-01-16 17:13:27.306 | [Thread-2] publisher.Subscriptor (Subscriptor.java:22) - Jogging
INFO  | 2019-01-16 17:13:27.309 | [Thread-2] publisher.Subscriptor (Subscriptor.java:22) - Jogging
INFO  | 2019-01-16 17:13:27.311 | [Thread-2] publisher.Subscriptor (Subscriptor.java:22) - Jogging
INFO  | 2019-01-16 17:13:27.312 | [Thread-2] publisher.Subscriptor (Subscriptor.java:22) - Jogging
INFO  | 2019-01-16 17:13:27.313 | [Thread-2] publisher.Subscriptor (Subscriptor.java:22) - Jogging
INFO  | 2019-01-16 17:13:27.316 | [Thread-2] publisher.Subscriptor (Subscriptor.java:22) - Jogging
INFO  | 2019-01-16 17:13:27.318 | [Thread-2] publisher.Subscriptor (Subscriptor.java:22) - Jogging
INFO  | 2019-01-16 17:13:27.319 | [Thread-2] publisher.Subscriptor (Subscriptor.java:22) - Jogging
INFO  | 2019-01-16 17:13:27.320 | [Thread-2] publisher.Subscriptor (Subscriptor.java:22) - Jogging
DEBUG | 2019-01-17 02:22:54.303 | [main] cep.Main (Main.java:30) - Esper Test ......  !
DEBUG | 2019-01-17 02:22:54.319 | [main] processor.Engine (Engine.java:35) - CEP Engine Setup ...
DEBUG | 2019-01-17 02:22:55.144 | [main] processor.Engine (Engine.java:77) - Deleting previous registered Event Schema and Statements  ...
DEBUG | 2019-01-17 02:22:55.144 | [main] processor.Engine (Engine.java:80) - Reading EPL file ...
DEBUG | 2019-01-17 02:22:55.144 | [Thread-1] processor.Engine (Engine.java:49) - Successfully started Esper Runtime ...
DEBUG | 2019-01-17 02:22:58.000 | [main] processor.Engine (Engine.java:86) - Registering new Event Schema and Statements  ...
DEBUG | 2019-01-17 02:22:58.020 | [Thread-2] collector.Generator (Generator.java:31) - Publish events from Csv filename ...
